<?xml version="1.0" encoding="UTF-8"?>
<!-- Generated by org.testng.reporters.JUnitReportReporter -->
<testsuite hostname="LAPTOP-O2VS9PN6" failures="0" tests="1" name="com.testng.seleniumDemoAI_1" time="12.606" errors="0" timestamp="2023-03-19T03:09:44 IST" skipped="0">
  <testcase classname="com.testng.seleniumDemoAI_1" name="verifyTitle" time="12.606"/>
  <system-out/>
</testsuite> <!-- com.testng.seleniumDemoAI_1 -->
