<?xml version="1.0" encoding="UTF-8"?>
<!-- Generated by org.testng.reporters.JUnitReportReporter -->
<testsuite hostname="LAPTOP-O2VS9PN6" failures="0" tests="1" name="com.testngAI.SeleniumDemoAI_1" time="11.230" errors="0" timestamp="2023-03-25T14:51:27 IST" skipped="0">
  <testcase classname="com.testngAI.SeleniumDemoAI_1" name="verifyTitle" time="11.230"/>
  <system-out/>
</testsuite> <!-- com.testngAI.SeleniumDemoAI_1 -->
