<?xml version="1.0" encoding="UTF-8"?>
<!-- Generated by org.testng.reporters.JUnitReportReporter -->
<testsuite hostname="LAPTOP-O2VS9PN6" failures="0" tests="1" name="com.testngAI.SeleniumDemoAI" time="40.020" errors="0" timestamp="2023-03-26T12:48:17 IST" skipped="0">
  <testcase classname="com.testngAI.SeleniumDemoAI" name="verifyTitle" time="40.020"/>
  <system-out/>
</testsuite> <!-- com.testngAI.SeleniumDemoAI -->
